f:\ood project 4.0\remotecodemanagement\peer\debug\vc120.pdb
f:\ood project 4.0\remotecodemanagement\peer\debug\vc120.idb
f:\ood project 4.0\remotecodemanagement\peer\debug\datastore.obj
f:\ood project 4.0\remotecodemanagement\peer\debug\filemanager.obj
f:\ood project 4.0\remotecodemanagement\peer\debug\apphelpers.obj
f:\ood project 4.0\remotecodemanagement\peer\debug\display.obj
f:\ood project 4.0\remotecodemanagement\peer\debug\executive.obj
f:\ood project 4.0\remotecodemanagement\peer\debug\filesystem.obj
f:\ood project 4.0\remotecodemanagement\peer\debug\message.obj
f:\ood project 4.0\remotecodemanagement\peer\debug\peer.obj
f:\ood project 4.0\remotecodemanagement\peer\debug\receiver.obj
f:\ood project 4.0\remotecodemanagement\peer\debug\sender.obj
f:\ood project 4.0\remotecodemanagement\peer\debug\sockets.obj
f:\ood project 4.0\remotecodemanagement\peer\debug\windowshelpers.obj
f:\ood project 4.0\remotecodemanagement\debug\peer.ilk
f:\ood project 4.0\remotecodemanagement\debug\peer.exe
f:\ood project 4.0\remotecodemanagement\debug\peer.pdb
f:\ood project 4.0\remotecodemanagement\peer\debug\peer.tlog\cl.command.1.tlog
f:\ood project 4.0\remotecodemanagement\peer\debug\peer.tlog\cl.read.1.tlog
f:\ood project 4.0\remotecodemanagement\peer\debug\peer.tlog\cl.write.1.tlog
f:\ood project 4.0\remotecodemanagement\peer\debug\peer.tlog\link.command.1.tlog
f:\ood project 4.0\remotecodemanagement\peer\debug\peer.tlog\link.read.1.tlog
f:\ood project 4.0\remotecodemanagement\peer\debug\peer.tlog\link.write.1.tlog
