f:\ood project 4.0\remotecodemanagement\debug\channel.lib
f:\ood project 4.0\remotecodemanagement\debug\channel.exp
f:\ood project 4.0\remotecodemanagement\channel\debug\vc120.pdb
f:\ood project 4.0\remotecodemanagement\channel\debug\vc120.idb
f:\ood project 4.0\remotecodemanagement\channel\debug\datastore.obj
f:\ood project 4.0\remotecodemanagement\channel\debug\filemanager.obj
f:\ood project 4.0\remotecodemanagement\channel\debug\apphelpers.obj
f:\ood project 4.0\remotecodemanagement\channel\debug\filesystem.obj
f:\ood project 4.0\remotecodemanagement\channel\debug\message.obj
f:\ood project 4.0\remotecodemanagement\channel\debug\peer.obj
f:\ood project 4.0\remotecodemanagement\channel\debug\receiver.obj
f:\ood project 4.0\remotecodemanagement\channel\debug\sender.obj
f:\ood project 4.0\remotecodemanagement\channel\debug\sockets.obj
f:\ood project 4.0\remotecodemanagement\channel\debug\channel.obj
f:\ood project 4.0\remotecodemanagement\debug\channel.ilk
f:\ood project 4.0\remotecodemanagement\debug\channel.dll
f:\ood project 4.0\remotecodemanagement\debug\channel.pdb
f:\ood project 4.0\remotecodemanagement\channel\debug\channel.tlog\channel.write.1u.tlog
f:\ood project 4.0\remotecodemanagement\channel\debug\channel.tlog\cl.command.1.tlog
f:\ood project 4.0\remotecodemanagement\channel\debug\channel.tlog\cl.read.1.tlog
f:\ood project 4.0\remotecodemanagement\channel\debug\channel.tlog\cl.write.1.tlog
f:\ood project 4.0\remotecodemanagement\channel\debug\channel.tlog\link.command.1.tlog
f:\ood project 4.0\remotecodemanagement\channel\debug\channel.tlog\link.read.1.tlog
f:\ood project 4.0\remotecodemanagement\channel\debug\channel.tlog\link.write.1.tlog
